04:45:21.791 INFO  bid posted by 12 performed at 2016-10-15T11:45:21.791Z bid item iPhone  
04:46:34.026 INFO  bid placed by 10 performed at 2016-10-15T11:46:34.026Z for item 48 amount 334 
04:46:50.842 INFO  bid placed by 11 performed at 2016-10-15T11:46:50.842Z for item 48 amount 434 
04:47:08.480 INFO  bid placed by 13 performed at 2016-10-15T11:47:08.480Z for item 49 amount 384 
04:51:50.144 INFO  bid won by 11 performed at 2016-10-15T11:51:50.143Z for item 48 amount placed 434 quantity selected 20 
04:51:50.170 INFO  bid won by 13 performed at 2016-10-15T11:51:50.170Z for item 49 amount placed 384 quantity selected 16 
05:12:51.008 INFO  bid posted by 13 performed at 2016-10-15T12:12:51.008Z bid item PS2  
05:13:16.185 INFO  bid placed by 11 performed at 2016-10-15T12:13:16.185Z for item 50 amount 46 
05:13:43.896 INFO  bid placed by 10 performed at 2016-10-15T12:13:43.896Z for item 50 amount 46 
05:14:11.553 INFO  bid placed by 12 performed at 2016-10-15T12:14:11.553Z for item 50 amount 55 
05:17:50.687 INFO  bid won by 12 performed at 2016-10-15T12:17:50.686Z for item 50 amount placed 55 quantity selected 6 
05:17:50.695 INFO  bid won by 10 performed at 2016-10-15T12:17:50.695Z for item 50 amount placed 46 quantity selected 16 
15:31:23.241 INFO  bid posted by 12 performed at 2016-10-15T22:31:23.241Z bid item Keyboard  
16:47:23.939 INFO  bid posted by 12 performed at 2016-10-15T23:47:23.939Z bid item Mouse  
16:47:45.564 INFO  bid placed by 10 performed at 2016-10-15T23:47:45.563Z for item 53 amount 6 
16:49:42.489 INFO  bid posted by 8 performed at 2016-10-15T23:49:42.489Z bid item keyboard  
16:49:57.826 INFO  bid placed by 10 performed at 2016-10-15T23:49:57.826Z for item 54 amount 8 
16:51:22.379 INFO  bid placed by 10 performed at 2016-10-15T23:51:22.379Z for item 53 amount 6 
16:52:50.393 INFO  bid won by 10 performed at 2016-10-15T23:52:50.393Z for item 53 amount placed 6 quantity selected 1 
18:12:56.233 INFO  bid posted by 10 performed at 2016-10-16T01:12:56.233Z bid item Choclate  
18:13:20.926 INFO  bid placed by 8 performed at 2016-10-16T01:13:20.926Z for item 55 amount 12 
18:13:42.441 INFO  bid placed by 13 performed at 2016-10-16T01:13:42.441Z for item 55 amount 11 
18:18:50.225 INFO  bid won by 8 performed at 2016-10-16T01:18:50.225Z for item 55 amount placed 12 quantity selected 4 
18:18:50.232 INFO  bid won by 13 performed at 2016-10-16T01:18:50.232Z for item 55 amount placed 11 quantity selected 1 
18:30:36.583 INFO  bid posted by 11 performed at 2016-10-16T01:30:36.583Z bid item Sword  
18:30:51.221 INFO  bid placed by 8 performed at 2016-10-16T01:30:51.221Z for item 56 amount 6 
18:35:50.414 INFO  bid won by 8 performed at 2016-10-16T01:35:50.414Z for item 56 amount placed 6 quantity selected 1 
18:37:47.570 INFO  bid posted by 8 performed at 2016-10-16T01:37:47.570Z bid item Stunner  
18:38:03.798 INFO  bid placed by 12 performed at 2016-10-16T01:38:03.798Z for item 57 amount 6 
18:38:21.111 INFO  bid placed by 12 performed at 2016-10-16T01:38:21.111Z for item 57 amount 14 
18:38:49.303 INFO  bid placed by 12 performed at 2016-10-16T01:38:49.303Z for item 57 amount 11 
18:42:50.463 INFO  bid won by 12 performed at 2016-10-16T01:42:50.463Z for item 57 amount placed 11 quantity selected 2 
22:31:47.540 INFO  bid posted by 12 performed at 2016-10-17T05:31:47.540Z bid item Fan  
22:32:36.972 INFO  bid placed by 8 performed at 2016-10-17T05:32:36.972Z for item 58 amount 14 
22:36:50.550 INFO  bid won by 8 performed at 2016-10-17T05:36:50.550Z for item 58 amount placed 14 quantity selected 8 
08:55:33.017 INFO  bid posted by 19 performed at 2016-12-10T16:55:33.017Z bid item Naruto Stickers  
01:33:36.796 INFO  bid posted by 12 performed at 2016-12-11T09:33:36.796Z bid item Shriken  
01:34:06.362 INFO  bid placed by 19 performed at 2016-12-11T09:34:06.362Z for item 56 amount 16 
11:54:35.520 INFO  bid posted by 12 performed at 2016-12-11T19:54:35.520Z bid item Test Medicine  
12:50:50.925 INFO  bid won by 19 performed at 2016-12-11T20:50:50.924Z for item 56 amount placed 16 quantity selected 4 
17:20:38.209 INFO  bid daemon run  performed at 2016-12-12T01:20:38.208Z 
17:20:38.220 INFO  bid daemon run  performed at 2016-12-12T01:20:38.220Z 
17:20:38.655 INFO  bid daemon run  performed at 2016-12-12T01:20:38.655Z 
17:20:39.544 INFO  bid daemon run  performed at 2016-12-12T01:20:39.544Z 
17:20:40.479 INFO  bid daemon run  performed at 2016-12-12T01:20:40.478Z 
17:20:41.496 INFO  bid daemon run  performed at 2016-12-12T01:20:41.496Z 
17:20:42.489 INFO  bid daemon run  performed at 2016-12-12T01:20:42.489Z 
17:20:43.489 INFO  bid daemon run  performed at 2016-12-12T01:20:43.489Z 
17:20:44.500 INFO  bid daemon run  performed at 2016-12-12T01:20:44.500Z 
17:20:45.486 INFO  bid daemon run  performed at 2016-12-12T01:20:45.486Z 
17:20:46.488 INFO  bid daemon run  performed at 2016-12-12T01:20:46.488Z 
17:20:47.489 INFO  bid daemon run  performed at 2016-12-12T01:20:47.489Z 
17:20:48.500 INFO  bid daemon run  performed at 2016-12-12T01:20:48.500Z 
17:20:49.494 INFO  bid daemon run  performed at 2016-12-12T01:20:49.494Z 
17:20:50.541 INFO  bid daemon run  performed at 2016-12-12T01:20:50.541Z 
17:20:51.492 INFO  bid daemon run  performed at 2016-12-12T01:20:51.492Z 
17:20:52.495 INFO  bid daemon run  performed at 2016-12-12T01:20:52.494Z 
17:20:53.730 INFO  bid daemon run  performed at 2016-12-12T01:20:53.730Z 
17:20:54.654 INFO  bid daemon run  performed at 2016-12-12T01:20:54.654Z 
17:20:55.634 INFO  bid daemon run  performed at 2016-12-12T01:20:55.634Z 
17:21:51.461 INFO  bid daemon run  performed at 2016-12-12T01:21:51.460Z 
17:22:51.025 INFO  bid daemon run  performed at 2016-12-12T01:22:51.025Z 
17:23:51.009 INFO  bid daemon run  performed at 2016-12-12T01:23:51.009Z 
17:24:51.008 INFO  bid daemon run  performed at 2016-12-12T01:24:51.008Z 
17:25:51.008 INFO  bid daemon run  performed at 2016-12-12T01:25:51.008Z 
17:26:10.904 INFO  bid posted by 19 performed at 2016-12-12T01:26:10.904Z bid item Ninja   
17:26:22.955 INFO  bid placed by 12 performed at 2016-12-12T01:26:22.955Z for item 58 amount 14 
17:26:51.015 INFO  bid daemon run  performed at 2016-12-12T01:26:51.015Z 
17:27:52.015 INFO  bid daemon run  performed at 2016-12-12T01:27:52.015Z 
17:28:51.020 INFO  bid daemon run  performed at 2016-12-12T01:28:51.020Z 
17:29:52.107 INFO  bid daemon run  performed at 2016-12-12T01:29:52.107Z 
17:30:51.048 INFO  bid daemon run  performed at 2016-12-12T01:30:51.048Z 
17:57:51.190 INFO  bid daemon run  performed at 2016-12-12T01:57:51.190Z 
17:58:50.195 INFO  bid daemon run  performed at 2016-12-12T01:58:50.195Z 
17:59:50.179 INFO  bid daemon run  performed at 2016-12-12T01:59:50.179Z 
18:00:50.243 INFO  bid daemon run  performed at 2016-12-12T02:00:50.243Z 
18:01:50.252 INFO  bid daemon run  performed at 2016-12-12T02:01:50.252Z 
18:02:50.194 INFO  bid daemon run  performed at 2016-12-12T02:02:50.194Z 
18:04:31.646 INFO  bid posted by 12 performed at 2016-12-12T02:04:31.646Z bid item Test Naruto Stickers  
18:04:49.897 INFO  bid placed by 19 performed at 2016-12-12T02:04:49.897Z for item 59 amount 17 
18:04:50.082 INFO  bid daemon run  performed at 2016-12-12T02:04:50.082Z 
18:05:52.561 INFO  bid daemon run  performed at 2016-12-12T02:05:52.561Z 
18:06:50.131 INFO  bid daemon run  performed at 2016-12-12T02:06:50.130Z 
